<?xml version="1.0" encoding="UTF-8"?>
<!-- Generated by org.testng.reporters.JUnitXMLReporter -->
<testsuite ignored="0" hostname="DESKTOP-VHBPG3D" failures="0" tests="4" name="Test" time="0.274" errors="0" timestamp="2024-10-19T11:22:08 IST">
  <testcase classname="Campaign.CreateCampaignTest" name="createCampaign" time="0.047"/>
  <testcase classname="Contact.CreateContactTest" name="createContact" time="0.01"/>
  <testcase classname="Organization.CreateOrganizationTest" name="createOrganization" time="0.008"/>
  <testcase classname="Contact.CreateContact2Test" name="createContact2" time="0.006"/>
</testsuite> <!-- Test -->
